[2025-12-27 12:38:42] Amazon scraper debug started
[2025-12-27 12:38:42] Search term: laptop
[2025-12-27 12:38:42] Pages: 1..3
[2025-12-27 12:38:42] Attempts per page: 4
[2025-12-27 12:38:42] Timeout: 25s
[2025-12-27 12:38:42] DNS resolve: www.amazon.com.tr -> 13.33.187.107, 13.33.187.116, 13.33.187.23, 13.33.187.75
[2025-12-27 12:38:42] Warm-up request: base URL
[2025-12-27 12:38:42] Warm-up elapsed: 0.22s
[2025-12-27 12:38:42] Status: 202
[2025-12-27 12:38:42] Final URL: https://www.amazon.com.tr/
[2025-12-27 12:38:42] Content-Type: text/html; charset=UTF-8
[2025-12-27 12:38:42] Content-Length: 2006
[2025-12-27 12:38:42] Cookies: []
[2025-12-27 12:38:42] ============================================================
[2025-12-27 12:38:42] Page 1 URL: https://www.amazon.com.tr/s?k=laptop&page=1
[2025-12-27 12:38:42] Attempt 1/4
[2025-12-27 12:38:43] Elapsed: 0.14s
[2025-12-27 12:38:43] Response: None
[2025-12-27 12:38:43] Cards found: 0
[2025-12-27 12:38:43] Bot/CAPTCHA detected: True
[2025-12-27 12:38:43] Sleep before next attempt: 3.6s
[2025-12-27 12:38:46] Attempt 2/4
[2025-12-27 12:38:46] Elapsed: 0.18s
[2025-12-27 12:38:46] Response: None
[2025-12-27 12:38:46] Cards found: 0
[2025-12-27 12:38:46] Bot/CAPTCHA detected: True
[2025-12-27 12:38:46] Sleep before next attempt: 3.2s
[2025-12-27 12:38:50] Attempt 3/4
[2025-12-27 12:38:50] Elapsed: 0.15s
[2025-12-27 12:38:50] Response: None
[2025-12-27 12:38:50] Cards found: 0
[2025-12-27 12:38:50] Bot/CAPTCHA detected: True
[2025-12-27 12:38:50] Sleep before next attempt: 3.5s
[2025-12-27 12:38:53] Attempt 4/4
[2025-12-27 12:38:53] Elapsed: 0.11s
[2025-12-27 12:38:53] Response: None
[2025-12-27 12:38:53] Cards found: 0
[2025-12-27 12:38:53] Bot/CAPTCHA detected: True
[2025-12-27 12:38:53] ============================================================
[2025-12-27 12:38:53] Page 2 URL: https://www.amazon.com.tr/s?k=laptop&page=2&ref=sr_pg_2
[2025-12-27 12:38:53] Attempt 1/4
[2025-12-27 12:38:53] Elapsed: 0.11s
[2025-12-27 12:38:53] Response: None
[2025-12-27 12:38:53] Cards found: 0
[2025-12-27 12:38:53] Bot/CAPTCHA detected: True
[2025-12-27 12:38:53] Sleep before next attempt: 3.6s
[2025-12-27 12:38:57] Attempt 2/4
[2025-12-27 12:38:57] Elapsed: 0.13s
[2025-12-27 12:38:57] Response: None
[2025-12-27 12:38:57] Cards found: 0
[2025-12-27 12:38:57] Bot/CAPTCHA detected: True
[2025-12-27 12:38:57] Sleep before next attempt: 3.6s
[2025-12-27 12:39:01] Attempt 3/4
[2025-12-27 12:39:01] Elapsed: 0.14s
[2025-12-27 12:39:01] Response: None
[2025-12-27 12:39:01] Cards found: 0
[2025-12-27 12:39:01] Bot/CAPTCHA detected: True
[2025-12-27 12:39:01] Sleep before next attempt: 3.4s
[2025-12-27 12:39:04] Attempt 4/4
[2025-12-27 12:39:05] Elapsed: 0.14s
[2025-12-27 12:39:05] Response: None
[2025-12-27 12:39:05] Cards found: 0
[2025-12-27 12:39:05] Bot/CAPTCHA detected: True
[2025-12-27 12:39:05] ============================================================
[2025-12-27 12:39:05] Page 3 URL: https://www.amazon.com.tr/s?k=laptop&page=3&ref=sr_pg_3
[2025-12-27 12:39:05] Attempt 1/4
[2025-12-27 12:39:05] Elapsed: 0.20s
[2025-12-27 12:39:05] Response: None
[2025-12-27 12:39:05] Cards found: 0
[2025-12-27 12:39:05] Bot/CAPTCHA detected: True
[2025-12-27 12:39:05] Sleep before next attempt: 3.8s
[2025-12-27 12:39:09] Attempt 2/4
[2025-12-27 12:39:09] Elapsed: 0.13s
[2025-12-27 12:39:09] Response: None
[2025-12-27 12:39:09] Cards found: 0
[2025-12-27 12:39:09] Bot/CAPTCHA detected: True
[2025-12-27 12:39:09] Sleep before next attempt: 3.4s
[2025-12-27 12:39:12] Attempt 3/4
[2025-12-27 12:39:12] Elapsed: 0.14s
[2025-12-27 12:39:12] Response: None
[2025-12-27 12:39:12] Cards found: 0
[2025-12-27 12:39:12] Bot/CAPTCHA detected: True
[2025-12-27 12:39:12] Sleep before next attempt: 4.1s
[2025-12-27 12:39:16] Attempt 4/4
[2025-12-27 12:39:17] Elapsed: 0.21s
[2025-12-27 12:39:17] Response: None
[2025-12-27 12:39:17] Cards found: 0
[2025-12-27 12:39:17] Bot/CAPTCHA detected: True
